<?xml version="1.0" encoding="utf-8"?><testsuites><testsuite name="pytest" errors="0" failures="0" skipped="0" tests="5" time="0.298" timestamp="2023-01-23T15:54:32.714454" hostname="DESKTOP-IS1HQNV"><testcase classname="tests.test_bytebank.TestClass" name="test_quando_idade_recebe_13_03_2000_deve_retornar_22" time="0.005" /><testcase classname="tests.test_bytebank.TestClass" name="test_quando_sobrenome_recebe_lucas_carvalho_deve_retornar_carvalho" time="0.002" /><testcase classname="tests.test_bytebank.TestClass" name="test_quando_decrecimo_salario_recebe_100000_deve_retornar_90000" time="0.002" /><testcase classname="tests.test_bytebank.TestClass" name="test_quando_calcular_bonus_recebe_1000_deve_retornar_100" time="0.005" /><testcase classname="tests.test_bytebank.TestClass" name="test_quando_calcular_bonus_recebe_mais_de_100000_deve_retornar_exception" time="0.004" /></testsuite></testsuites>